[2025-08-25T15:32:47.012+0000] {local_task_job_runner.py:120} INFO - ::group::Pre task execution logs
[2025-08-25T15:32:47.105+0000] {taskinstance.py:2076} INFO - Dependencies all met for dep_context=non-requeueable deps ti=<TaskInstance: daily_generate_orders.load_csv_to_postgres scheduled__2025-08-25T14:00:00+00:00 [queued]>
[2025-08-25T15:32:47.130+0000] {taskinstance.py:2076} INFO - Dependencies all met for dep_context=requeueable deps ti=<TaskInstance: daily_generate_orders.load_csv_to_postgres scheduled__2025-08-25T14:00:00+00:00 [queued]>
[2025-08-25T15:32:47.132+0000] {taskinstance.py:2306} INFO - Starting attempt 1 of 1
[2025-08-25T15:32:47.172+0000] {taskinstance.py:2330} INFO - Executing <Task(PythonOperator): load_csv_to_postgres> on 2025-08-25 14:00:00+00:00
[2025-08-25T15:32:47.187+0000] {warnings.py:112} WARNING - /home/airflow/.local/lib/python3.12/site-packages/airflow/task/task_runner/standard_task_runner.py:62: DeprecationWarning: This process (pid=814) is multi-threaded, use of fork() may lead to deadlocks in the child.
  pid = os.fork()

[2025-08-25T15:32:47.189+0000] {standard_task_runner.py:64} INFO - Started process 816 to run task
[2025-08-25T15:32:47.188+0000] {standard_task_runner.py:90} INFO - Running: ['airflow', 'tasks', 'run', 'daily_generate_orders', 'load_csv_to_postgres', 'scheduled__2025-08-25T14:00:00+00:00', '--job-id', '527', '--raw', '--subdir', 'DAGS_FOLDER/generate_fake_shop_csv.py', '--cfg-path', '/tmp/tmpd2qlbg6n']
[2025-08-25T15:32:47.191+0000] {standard_task_runner.py:91} INFO - Job 527: Subtask load_csv_to_postgres
[2025-08-25T15:32:47.214+0000] {warnings.py:112} WARNING - /home/airflow/.local/lib/python3.12/site-packages/airflow/settings.py:195: DeprecationWarning: The sql_alchemy_conn option in [core] has been moved to the sql_alchemy_conn option in [database] - the old setting has been used, but please update your config.
  SQL_ALCHEMY_CONN = conf.get("database", "SQL_ALCHEMY_CONN")

[2025-08-25T15:32:47.317+0000] {task_command.py:426} INFO - Running <TaskInstance: daily_generate_orders.load_csv_to_postgres scheduled__2025-08-25T14:00:00+00:00 [running]> on host b5ea13053d47
[2025-08-25T15:32:47.488+0000] {taskinstance.py:2648} INFO - Exporting env vars: AIRFLOW_CTX_DAG_OWNER='airflow' AIRFLOW_CTX_DAG_ID='daily_generate_orders' AIRFLOW_CTX_TASK_ID='load_csv_to_postgres' AIRFLOW_CTX_EXECUTION_DATE='2025-08-25T14:00:00+00:00' AIRFLOW_CTX_TRY_NUMBER='1' AIRFLOW_CTX_DAG_RUN_ID='scheduled__2025-08-25T14:00:00+00:00'
[2025-08-25T15:32:47.489+0000] {taskinstance.py:430} INFO - ::endgroup::
[2025-08-25T15:32:47.522+0000] {base.py:84} INFO - Using connection ID 'postgres_conn' for task execution.
[2025-08-25T15:32:59.502+0000] {logging_mixin.py:188} INFO - ⚠ Нет новых данных для shipments
[2025-08-25T15:33:00.089+0000] {logging_mixin.py:188} INFO - ✅ Загружено 10000 новых строк в таблицу customers
[2025-08-25T15:33:09.392+0000] {taskinstance.py:441} INFO - ::group::Post task execution logs
[2025-08-25T15:33:09.394+0000] {taskinstance.py:2905} ERROR - Task failed with exception
Traceback (most recent call last):
  File "/home/airflow/.local/lib/python3.12/site-packages/sqlalchemy/engine/base.py", line 1910, in _execute_context
    self.dialect.do_execute(
  File "/home/airflow/.local/lib/python3.12/site-packages/sqlalchemy/engine/default.py", line 736, in do_execute
    cursor.execute(statement, parameters)
psycopg2.errors.UndefinedColumn: column "status" of relation "orders" does not exist
LINE 1: ... (order_id, order_date, customer_id, total_price, status) VA...
                                                             ^


The above exception was the direct cause of the following exception:

Traceback (most recent call last):
  File "/home/airflow/.local/lib/python3.12/site-packages/airflow/models/taskinstance.py", line 465, in _execute_task
    result = _execute_callable(context=context, **execute_callable_kwargs)
             ^^^^^^^^^^^^^^^^^^^^^^^^^^^^^^^^^^^^^^^^^^^^^^^^^^^^^^^^^^^^^
  File "/home/airflow/.local/lib/python3.12/site-packages/airflow/models/taskinstance.py", line 432, in _execute_callable
    return execute_callable(context=context, **execute_callable_kwargs)
           ^^^^^^^^^^^^^^^^^^^^^^^^^^^^^^^^^^^^^^^^^^^^^^^^^^^^^^^^^^^^
  File "/home/airflow/.local/lib/python3.12/site-packages/airflow/models/baseoperator.py", line 401, in wrapper
    return func(self, *args, **kwargs)
           ^^^^^^^^^^^^^^^^^^^^^^^^^^^
  File "/home/airflow/.local/lib/python3.12/site-packages/airflow/operators/python.py", line 235, in execute
    return_value = self.execute_callable()
                   ^^^^^^^^^^^^^^^^^^^^^^^
  File "/home/airflow/.local/lib/python3.12/site-packages/airflow/operators/python.py", line 252, in execute_callable
    return self.python_callable(*self.op_args, **self.op_kwargs)
           ^^^^^^^^^^^^^^^^^^^^^^^^^^^^^^^^^^^^^^^^^^^^^^^^^^^^^
  File "/opt/airflow/dags/generate_fake_shop_csv.py", line 141, in load_csv_to_postgres
    df.to_sql(table_name, engine, if_exists="append", index=False, dtype=dtype_mapping)
  File "/home/airflow/.local/lib/python3.12/site-packages/pandas/util/_decorators.py", line 333, in wrapper
    return func(*args, **kwargs)
           ^^^^^^^^^^^^^^^^^^^^^
  File "/home/airflow/.local/lib/python3.12/site-packages/pandas/core/generic.py", line 3008, in to_sql
    return sql.to_sql(
           ^^^^^^^^^^^
  File "/home/airflow/.local/lib/python3.12/site-packages/pandas/io/sql.py", line 788, in to_sql
    return pandas_sql.to_sql(
           ^^^^^^^^^^^^^^^^^^
  File "/home/airflow/.local/lib/python3.12/site-packages/pandas/io/sql.py", line 1958, in to_sql
    total_inserted = sql_engine.insert_records(
                     ^^^^^^^^^^^^^^^^^^^^^^^^^^
  File "/home/airflow/.local/lib/python3.12/site-packages/pandas/io/sql.py", line 1507, in insert_records
    raise err
  File "/home/airflow/.local/lib/python3.12/site-packages/pandas/io/sql.py", line 1498, in insert_records
    return table.insert(chunksize=chunksize, method=method)
           ^^^^^^^^^^^^^^^^^^^^^^^^^^^^^^^^^^^^^^^^^^^^^^^^
  File "/home/airflow/.local/lib/python3.12/site-packages/pandas/io/sql.py", line 1059, in insert
    num_inserted = exec_insert(conn, keys, chunk_iter)
                   ^^^^^^^^^^^^^^^^^^^^^^^^^^^^^^^^^^^
  File "/home/airflow/.local/lib/python3.12/site-packages/pandas/io/sql.py", line 951, in _execute_insert
    result = conn.execute(self.table.insert(), data)
             ^^^^^^^^^^^^^^^^^^^^^^^^^^^^^^^^^^^^^^^
  File "/home/airflow/.local/lib/python3.12/site-packages/sqlalchemy/engine/base.py", line 1385, in execute
    return meth(self, multiparams, params, _EMPTY_EXECUTION_OPTS)
           ^^^^^^^^^^^^^^^^^^^^^^^^^^^^^^^^^^^^^^^^^^^^^^^^^^^^^^
  File "/home/airflow/.local/lib/python3.12/site-packages/sqlalchemy/sql/elements.py", line 334, in _execute_on_connection
    return connection._execute_clauseelement(
           ^^^^^^^^^^^^^^^^^^^^^^^^^^^^^^^^^^
  File "/home/airflow/.local/lib/python3.12/site-packages/sqlalchemy/engine/base.py", line 1577, in _execute_clauseelement
    ret = self._execute_context(
          ^^^^^^^^^^^^^^^^^^^^^^
  File "/home/airflow/.local/lib/python3.12/site-packages/sqlalchemy/engine/base.py", line 1953, in _execute_context
    self._handle_dbapi_exception(
  File "/home/airflow/.local/lib/python3.12/site-packages/sqlalchemy/engine/base.py", line 2134, in _handle_dbapi_exception
    util.raise_(
  File "/home/airflow/.local/lib/python3.12/site-packages/sqlalchemy/util/compat.py", line 211, in raise_
    raise exception
  File "/home/airflow/.local/lib/python3.12/site-packages/sqlalchemy/engine/base.py", line 1910, in _execute_context
    self.dialect.do_execute(
  File "/home/airflow/.local/lib/python3.12/site-packages/sqlalchemy/engine/default.py", line 736, in do_execute
    cursor.execute(statement, parameters)
sqlalchemy.exc.ProgrammingError: (psycopg2.errors.UndefinedColumn) column "status" of relation "orders" does not exist
LINE 1: ... (order_id, order_date, customer_id, total_price, status) VA...
                                                             ^

[SQL: INSERT INTO orders (order_id, order_date, customer_id, total_price, status) VALUES (%(order_id)s, %(order_date)s, %(customer_id)s, %(total_price)s, %(status)s)]
[parameters: {'order_id': 15001, 'order_date': '2024-11-05 00:00:00', 'customer_id': 4093, 'total_price': None, 'status': 'delivered'}]
(Background on this error at: https://sqlalche.me/e/14/f405)
[2025-08-25T15:33:09.468+0000] {taskinstance.py:1206} INFO - Marking task as FAILED. dag_id=daily_generate_orders, task_id=load_csv_to_postgres, run_id=scheduled__2025-08-25T14:00:00+00:00, execution_date=20250825T140000, start_date=20250825T153247, end_date=20250825T153309
[2025-08-25T15:33:09.520+0000] {standard_task_runner.py:110} ERROR - Failed to execute job 527 for task load_csv_to_postgres ((psycopg2.errors.UndefinedColumn) column "status" of relation "orders" does not exist
LINE 1: ... (order_id, order_date, customer_id, total_price, status) VA...
                                                             ^

[SQL: INSERT INTO orders (order_id, order_date, customer_id, total_price, status) VALUES (%(order_id)s, %(order_date)s, %(customer_id)s, %(total_price)s, %(status)s)]
[parameters: {'order_id': 15001, 'order_date': '2024-11-05 00:00:00', 'customer_id': 4093, 'total_price': None, 'status': 'delivered'}]
(Background on this error at: https://sqlalche.me/e/14/f405); 816)
[2025-08-25T15:33:09.594+0000] {local_task_job_runner.py:243} INFO - Task exited with return code 1
[2025-08-25T15:33:09.637+0000] {taskinstance.py:3503} INFO - 0 downstream tasks scheduled from follow-on schedule check
[2025-08-25T15:33:09.640+0000] {local_task_job_runner.py:222} INFO - ::endgroup::
[2025-08-25T15:39:14.377+0000] {local_task_job_runner.py:120} INFO - ::group::Pre task execution logs
[2025-08-25T15:39:14.439+0000] {taskinstance.py:2076} INFO - Dependencies all met for dep_context=non-requeueable deps ti=<TaskInstance: daily_generate_orders.load_csv_to_postgres scheduled__2025-08-25T14:00:00+00:00 [queued]>
[2025-08-25T15:39:14.462+0000] {taskinstance.py:2076} INFO - Dependencies all met for dep_context=requeueable deps ti=<TaskInstance: daily_generate_orders.load_csv_to_postgres scheduled__2025-08-25T14:00:00+00:00 [queued]>
[2025-08-25T15:39:14.463+0000] {taskinstance.py:2306} INFO - Starting attempt 1 of 1
[2025-08-25T15:39:14.497+0000] {taskinstance.py:2330} INFO - Executing <Task(PythonOperator): load_csv_to_postgres> on 2025-08-25 14:00:00+00:00
[2025-08-25T15:39:14.505+0000] {warnings.py:112} WARNING - /home/airflow/.local/lib/python3.12/site-packages/airflow/task/task_runner/standard_task_runner.py:62: DeprecationWarning: This process (pid=826) is multi-threaded, use of fork() may lead to deadlocks in the child.
  pid = os.fork()

[2025-08-25T15:39:14.506+0000] {standard_task_runner.py:64} INFO - Started process 828 to run task
[2025-08-25T15:39:14.511+0000] {standard_task_runner.py:90} INFO - Running: ['airflow', 'tasks', 'run', 'daily_generate_orders', 'load_csv_to_postgres', 'scheduled__2025-08-25T14:00:00+00:00', '--job-id', '531', '--raw', '--subdir', 'DAGS_FOLDER/generate_fake_shop_csv.py', '--cfg-path', '/tmp/tmp9s88x7_d']
[2025-08-25T15:39:14.517+0000] {standard_task_runner.py:91} INFO - Job 531: Subtask load_csv_to_postgres
[2025-08-25T15:39:14.546+0000] {warnings.py:112} WARNING - /home/airflow/.local/lib/python3.12/site-packages/airflow/settings.py:195: DeprecationWarning: The sql_alchemy_conn option in [core] has been moved to the sql_alchemy_conn option in [database] - the old setting has been used, but please update your config.
  SQL_ALCHEMY_CONN = conf.get("database", "SQL_ALCHEMY_CONN")

[2025-08-25T15:39:14.591+0000] {task_command.py:426} INFO - Running <TaskInstance: daily_generate_orders.load_csv_to_postgres scheduled__2025-08-25T14:00:00+00:00 [running]> on host b5ea13053d47
[2025-08-25T15:39:14.722+0000] {taskinstance.py:2648} INFO - Exporting env vars: AIRFLOW_CTX_DAG_OWNER='airflow' AIRFLOW_CTX_DAG_ID='daily_generate_orders' AIRFLOW_CTX_TASK_ID='load_csv_to_postgres' AIRFLOW_CTX_EXECUTION_DATE='2025-08-25T14:00:00+00:00' AIRFLOW_CTX_TRY_NUMBER='1' AIRFLOW_CTX_DAG_RUN_ID='scheduled__2025-08-25T14:00:00+00:00'
[2025-08-25T15:39:14.723+0000] {taskinstance.py:430} INFO - ::endgroup::
[2025-08-25T15:39:14.754+0000] {base.py:84} INFO - Using connection ID 'postgres_conn' for task execution.
[2025-08-25T15:39:23.373+0000] {logging_mixin.py:188} INFO - ⚠ Нет новых данных для shipments
[2025-08-25T15:39:23.909+0000] {logging_mixin.py:188} INFO - ✅ Загружено 10000 новых строк в таблицу customers
[2025-08-25T15:39:31.757+0000] {logging_mixin.py:188} INFO - ✅ Загружено 1 новых строк в таблицу orders
[2025-08-25T15:39:31.815+0000] {logging_mixin.py:188} INFO - ✅ Загружено 2000 новых строк в таблицу products
[2025-08-25T15:39:42.930+0000] {local_task_job_runner.py:243} INFO - Task exited with return code -9For more information, see https://airflow.apache.org/docs/apache-airflow/stable/troubleshooting.html#LocalTaskJob-killed
[2025-08-25T15:39:43.556+0000] {taskinstance.py:3503} INFO - 0 downstream tasks scheduled from follow-on schedule check
[2025-08-25T15:39:43.574+0000] {local_task_job_runner.py:222} INFO - ::endgroup::
[2025-08-25T15:42:42.014+0000] {local_task_job_runner.py:120} INFO - ::group::Pre task execution logs
[2025-08-25T15:42:42.078+0000] {taskinstance.py:2076} INFO - Dependencies all met for dep_context=non-requeueable deps ti=<TaskInstance: daily_generate_orders.load_csv_to_postgres scheduled__2025-08-25T14:00:00+00:00 [queued]>
[2025-08-25T15:42:42.093+0000] {taskinstance.py:2076} INFO - Dependencies all met for dep_context=requeueable deps ti=<TaskInstance: daily_generate_orders.load_csv_to_postgres scheduled__2025-08-25T14:00:00+00:00 [queued]>
[2025-08-25T15:42:42.094+0000] {taskinstance.py:2306} INFO - Starting attempt 1 of 1
[2025-08-25T15:42:42.110+0000] {taskinstance.py:2330} INFO - Executing <Task(PythonOperator): load_csv_to_postgres> on 2025-08-25 14:00:00+00:00
[2025-08-25T15:42:42.118+0000] {warnings.py:112} WARNING - /home/airflow/.local/lib/python3.12/site-packages/airflow/task/task_runner/standard_task_runner.py:62: DeprecationWarning: This process (pid=833) is multi-threaded, use of fork() may lead to deadlocks in the child.
  pid = os.fork()

[2025-08-25T15:42:42.119+0000] {standard_task_runner.py:64} INFO - Started process 835 to run task
[2025-08-25T15:42:42.121+0000] {standard_task_runner.py:90} INFO - Running: ['airflow', 'tasks', 'run', 'daily_generate_orders', 'load_csv_to_postgres', 'scheduled__2025-08-25T14:00:00+00:00', '--job-id', '533', '--raw', '--subdir', 'DAGS_FOLDER/generate_fake_shop_csv.py', '--cfg-path', '/tmp/tmpq19z0iaa']
[2025-08-25T15:42:42.123+0000] {standard_task_runner.py:91} INFO - Job 533: Subtask load_csv_to_postgres
[2025-08-25T15:42:42.142+0000] {warnings.py:112} WARNING - /home/airflow/.local/lib/python3.12/site-packages/airflow/settings.py:195: DeprecationWarning: The sql_alchemy_conn option in [core] has been moved to the sql_alchemy_conn option in [database] - the old setting has been used, but please update your config.
  SQL_ALCHEMY_CONN = conf.get("database", "SQL_ALCHEMY_CONN")

[2025-08-25T15:42:42.193+0000] {task_command.py:426} INFO - Running <TaskInstance: daily_generate_orders.load_csv_to_postgres scheduled__2025-08-25T14:00:00+00:00 [running]> on host b5ea13053d47
[2025-08-25T15:42:42.307+0000] {taskinstance.py:2648} INFO - Exporting env vars: AIRFLOW_CTX_DAG_OWNER='airflow' AIRFLOW_CTX_DAG_ID='daily_generate_orders' AIRFLOW_CTX_TASK_ID='load_csv_to_postgres' AIRFLOW_CTX_EXECUTION_DATE='2025-08-25T14:00:00+00:00' AIRFLOW_CTX_TRY_NUMBER='1' AIRFLOW_CTX_DAG_RUN_ID='scheduled__2025-08-25T14:00:00+00:00'
[2025-08-25T15:42:42.309+0000] {taskinstance.py:430} INFO - ::endgroup::
[2025-08-25T15:42:42.335+0000] {base.py:84} INFO - Using connection ID 'postgres_conn' for task execution.
[2025-08-25T15:42:52.596+0000] {logging_mixin.py:188} INFO - ⚠ Нет новых данных для shipments
[2025-08-25T15:43:00.428+0000] {logging_mixin.py:188} INFO - ⚠ Нет новых данных для customers
[2025-08-25T15:43:03.921+0000] {local_task_job_runner.py:243} INFO - Task exited with return code -9For more information, see https://airflow.apache.org/docs/apache-airflow/stable/troubleshooting.html#LocalTaskJob-killed
[2025-08-25T15:43:04.131+0000] {taskinstance.py:3503} INFO - 0 downstream tasks scheduled from follow-on schedule check
[2025-08-25T15:43:04.138+0000] {local_task_job_runner.py:222} INFO - ::endgroup::
[2025-08-25T15:46:56.305+0000] {local_task_job_runner.py:120} INFO - ::group::Pre task execution logs
[2025-08-25T15:46:56.334+0000] {taskinstance.py:2076} INFO - Dependencies all met for dep_context=non-requeueable deps ti=<TaskInstance: daily_generate_orders.load_csv_to_postgres scheduled__2025-08-25T14:00:00+00:00 [queued]>
[2025-08-25T15:46:56.341+0000] {taskinstance.py:2076} INFO - Dependencies all met for dep_context=requeueable deps ti=<TaskInstance: daily_generate_orders.load_csv_to_postgres scheduled__2025-08-25T14:00:00+00:00 [queued]>
[2025-08-25T15:46:56.342+0000] {taskinstance.py:2306} INFO - Starting attempt 1 of 1
[2025-08-25T15:46:56.357+0000] {taskinstance.py:2330} INFO - Executing <Task(PythonOperator): load_csv_to_postgres> on 2025-08-25 14:00:00+00:00
[2025-08-25T15:46:56.364+0000] {warnings.py:112} WARNING - /home/airflow/.local/lib/python3.12/site-packages/airflow/task/task_runner/standard_task_runner.py:62: DeprecationWarning: This process (pid=844) is multi-threaded, use of fork() may lead to deadlocks in the child.
  pid = os.fork()

[2025-08-25T15:46:56.365+0000] {standard_task_runner.py:64} INFO - Started process 847 to run task
[2025-08-25T15:46:56.371+0000] {standard_task_runner.py:90} INFO - Running: ['airflow', 'tasks', 'run', 'daily_generate_orders', 'load_csv_to_postgres', 'scheduled__2025-08-25T14:00:00+00:00', '--job-id', '537', '--raw', '--subdir', 'DAGS_FOLDER/generate_fake_shop_csv.py', '--cfg-path', '/tmp/tmplmhfhphw']
[2025-08-25T15:46:56.373+0000] {standard_task_runner.py:91} INFO - Job 537: Subtask load_csv_to_postgres
[2025-08-25T15:46:56.386+0000] {warnings.py:112} WARNING - /home/airflow/.local/lib/python3.12/site-packages/airflow/settings.py:195: DeprecationWarning: The sql_alchemy_conn option in [core] has been moved to the sql_alchemy_conn option in [database] - the old setting has been used, but please update your config.
  SQL_ALCHEMY_CONN = conf.get("database", "SQL_ALCHEMY_CONN")

[2025-08-25T15:46:56.423+0000] {task_command.py:426} INFO - Running <TaskInstance: daily_generate_orders.load_csv_to_postgres scheduled__2025-08-25T14:00:00+00:00 [running]> on host b5ea13053d47
[2025-08-25T15:46:56.517+0000] {taskinstance.py:2648} INFO - Exporting env vars: AIRFLOW_CTX_DAG_OWNER='airflow' AIRFLOW_CTX_DAG_ID='daily_generate_orders' AIRFLOW_CTX_TASK_ID='load_csv_to_postgres' AIRFLOW_CTX_EXECUTION_DATE='2025-08-25T14:00:00+00:00' AIRFLOW_CTX_TRY_NUMBER='1' AIRFLOW_CTX_DAG_RUN_ID='scheduled__2025-08-25T14:00:00+00:00'
[2025-08-25T15:46:56.518+0000] {taskinstance.py:430} INFO - ::endgroup::
[2025-08-25T15:46:56.542+0000] {base.py:84} INFO - Using connection ID 'postgres_conn' for task execution.
[2025-08-25T15:46:56.643+0000] {logging_mixin.py:188} INFO - ✅ Загружено 1000 новых строк в таблицу shipments
[2025-08-25T15:46:56.681+0000] {logging_mixin.py:188} INFO - ✅ Загружено 1000 новых строк в таблицу shipments
[2025-08-25T15:46:56.715+0000] {logging_mixin.py:188} INFO - ✅ Загружено 1000 новых строк в таблицу shipments
[2025-08-25T15:46:56.748+0000] {logging_mixin.py:188} INFO - ✅ Загружено 1000 новых строк в таблицу shipments
[2025-08-25T15:46:56.783+0000] {logging_mixin.py:188} INFO - ✅ Загружено 1000 новых строк в таблицу shipments
[2025-08-25T15:46:56.818+0000] {logging_mixin.py:188} INFO - ✅ Загружено 1000 новых строк в таблицу shipments
[2025-08-25T15:46:56.850+0000] {logging_mixin.py:188} INFO - ✅ Загружено 1000 новых строк в таблицу shipments
[2025-08-25T15:46:56.917+0000] {logging_mixin.py:188} INFO - ✅ Загружено 1000 новых строк в таблицу shipments
[2025-08-25T15:46:56.949+0000] {logging_mixin.py:188} INFO - ✅ Загружено 1000 новых строк в таблицу shipments
[2025-08-25T15:46:56.983+0000] {logging_mixin.py:188} INFO - ✅ Загружено 1000 новых строк в таблицу shipments
[2025-08-25T15:46:57.091+0000] {logging_mixin.py:188} INFO - ✅ Загружено 1000 новых строк в таблицу shipments
[2025-08-25T15:46:57.288+0000] {logging_mixin.py:188} INFO - ✅ Загружено 1000 новых строк в таблицу shipments
[2025-08-25T15:46:57.403+0000] {logging_mixin.py:188} INFO - ✅ Загружено 1000 новых строк в таблицу shipments
[2025-08-25T15:46:57.488+0000] {logging_mixin.py:188} INFO - ✅ Загружено 1000 новых строк в таблицу shipments
[2025-08-25T15:46:57.558+0000] {logging_mixin.py:188} INFO - ✅ Загружено 1000 новых строк в таблицу shipments
[2025-08-25T15:46:57.649+0000] {logging_mixin.py:188} INFO - ✅ Загружено 1000 новых строк в таблицу customers
[2025-08-25T15:46:57.772+0000] {logging_mixin.py:188} INFO - ✅ Загружено 1000 новых строк в таблицу customers
[2025-08-25T15:46:57.853+0000] {logging_mixin.py:188} INFO - ✅ Загружено 1000 новых строк в таблицу customers
[2025-08-25T15:46:57.904+0000] {logging_mixin.py:188} INFO - ✅ Загружено 1000 новых строк в таблицу customers
[2025-08-25T15:46:58.003+0000] {logging_mixin.py:188} INFO - ✅ Загружено 1000 новых строк в таблицу customers
[2025-08-25T15:46:58.089+0000] {logging_mixin.py:188} INFO - ✅ Загружено 1000 новых строк в таблицу customers
[2025-08-25T15:46:58.187+0000] {logging_mixin.py:188} INFO - ✅ Загружено 1000 новых строк в таблицу customers
[2025-08-25T15:46:58.249+0000] {logging_mixin.py:188} INFO - ✅ Загружено 1000 новых строк в таблицу customers
[2025-08-25T15:46:58.312+0000] {logging_mixin.py:188} INFO - ✅ Загружено 1000 новых строк в таблицу customers
[2025-08-25T15:46:58.408+0000] {logging_mixin.py:188} INFO - ✅ Загружено 1000 новых строк в таблицу customers
[2025-08-25T15:46:58.511+0000] {logging_mixin.py:188} INFO - ✅ Загружено 1000 новых строк в таблицу orders
[2025-08-25T15:46:58.608+0000] {logging_mixin.py:188} INFO - ✅ Загружено 1000 новых строк в таблицу orders
[2025-08-25T15:46:58.688+0000] {logging_mixin.py:188} INFO - ✅ Загружено 1000 новых строк в таблицу orders
[2025-08-25T15:46:58.788+0000] {logging_mixin.py:188} INFO - ✅ Загружено 1000 новых строк в таблицу orders
[2025-08-25T15:46:58.903+0000] {logging_mixin.py:188} INFO - ✅ Загружено 1000 новых строк в таблицу orders
[2025-08-25T15:46:59.006+0000] {logging_mixin.py:188} INFO - ✅ Загружено 1000 новых строк в таблицу orders
[2025-08-25T15:46:59.075+0000] {logging_mixin.py:188} INFO - ✅ Загружено 1000 новых строк в таблицу orders
[2025-08-25T15:46:59.171+0000] {logging_mixin.py:188} INFO - ✅ Загружено 1000 новых строк в таблицу orders
[2025-08-25T15:46:59.264+0000] {logging_mixin.py:188} INFO - ✅ Загружено 1000 новых строк в таблицу orders
[2025-08-25T15:46:59.337+0000] {logging_mixin.py:188} INFO - ✅ Загружено 1000 новых строк в таблицу orders
[2025-08-25T15:46:59.373+0000] {logging_mixin.py:188} INFO - ✅ Загружено 1000 новых строк в таблицу orders
[2025-08-25T15:46:59.424+0000] {logging_mixin.py:188} INFO - ✅ Загружено 1000 новых строк в таблицу orders
[2025-08-25T15:46:59.473+0000] {logging_mixin.py:188} INFO - ✅ Загружено 1000 новых строк в таблицу orders
[2025-08-25T15:46:59.513+0000] {logging_mixin.py:188} INFO - ✅ Загружено 1000 новых строк в таблицу orders
[2025-08-25T15:46:59.593+0000] {logging_mixin.py:188} INFO - ✅ Загружено 1000 новых строк в таблицу orders
[2025-08-25T15:46:59.621+0000] {logging_mixin.py:188} INFO - ✅ Загружено 6 новых строк в таблицу orders
[2025-08-25T15:46:59.732+0000] {logging_mixin.py:188} INFO - ✅ Загружено 1000 новых строк в таблицу products
[2025-08-25T15:46:59.814+0000] {logging_mixin.py:188} INFO - ✅ Загружено 1000 новых строк в таблицу products
[2025-08-25T15:46:59.864+0000] {taskinstance.py:441} INFO - ::group::Post task execution logs
[2025-08-25T15:46:59.864+0000] {taskinstance.py:2905} ERROR - Task failed with exception
Traceback (most recent call last):
  File "/home/airflow/.local/lib/python3.12/site-packages/sqlalchemy/engine/base.py", line 1890, in _execute_context
    self.dialect.do_executemany(
  File "/home/airflow/.local/lib/python3.12/site-packages/sqlalchemy/dialects/postgresql/psycopg2.py", line 982, in do_executemany
    context._psycopg2_fetched_rows = xtras.execute_values(
                                     ^^^^^^^^^^^^^^^^^^^^^
  File "/home/airflow/.local/lib/python3.12/site-packages/psycopg2/extras.py", line 1299, in execute_values
    cur.execute(b''.join(parts))
psycopg2.errors.UndefinedColumn: column "unit_price" of relation "order_items" does not exist
LINE 1: ...rder_id, product_id, quantity, price_at_purchase, unit_price...
                                                             ^


The above exception was the direct cause of the following exception:

Traceback (most recent call last):
  File "/home/airflow/.local/lib/python3.12/site-packages/airflow/models/taskinstance.py", line 465, in _execute_task
    result = _execute_callable(context=context, **execute_callable_kwargs)
             ^^^^^^^^^^^^^^^^^^^^^^^^^^^^^^^^^^^^^^^^^^^^^^^^^^^^^^^^^^^^^
  File "/home/airflow/.local/lib/python3.12/site-packages/airflow/models/taskinstance.py", line 432, in _execute_callable
    return execute_callable(context=context, **execute_callable_kwargs)
           ^^^^^^^^^^^^^^^^^^^^^^^^^^^^^^^^^^^^^^^^^^^^^^^^^^^^^^^^^^^^
  File "/home/airflow/.local/lib/python3.12/site-packages/airflow/models/baseoperator.py", line 401, in wrapper
    return func(self, *args, **kwargs)
           ^^^^^^^^^^^^^^^^^^^^^^^^^^^
  File "/home/airflow/.local/lib/python3.12/site-packages/airflow/operators/python.py", line 235, in execute
    return_value = self.execute_callable()
                   ^^^^^^^^^^^^^^^^^^^^^^^
  File "/home/airflow/.local/lib/python3.12/site-packages/airflow/operators/python.py", line 252, in execute_callable
    return self.python_callable(*self.op_args, **self.op_kwargs)
           ^^^^^^^^^^^^^^^^^^^^^^^^^^^^^^^^^^^^^^^^^^^^^^^^^^^^^
  File "/opt/airflow/dags/generate_fake_shop_csv.py", line 147, in load_csv_to_postgres
    chunk.to_sql(table_name, engine, if_exists="append", index=False, dtype=dtype_mapping)
  File "/home/airflow/.local/lib/python3.12/site-packages/pandas/util/_decorators.py", line 333, in wrapper
    return func(*args, **kwargs)
           ^^^^^^^^^^^^^^^^^^^^^
  File "/home/airflow/.local/lib/python3.12/site-packages/pandas/core/generic.py", line 3008, in to_sql
    return sql.to_sql(
           ^^^^^^^^^^^
  File "/home/airflow/.local/lib/python3.12/site-packages/pandas/io/sql.py", line 788, in to_sql
    return pandas_sql.to_sql(
           ^^^^^^^^^^^^^^^^^^
  File "/home/airflow/.local/lib/python3.12/site-packages/pandas/io/sql.py", line 1958, in to_sql
    total_inserted = sql_engine.insert_records(
                     ^^^^^^^^^^^^^^^^^^^^^^^^^^
  File "/home/airflow/.local/lib/python3.12/site-packages/pandas/io/sql.py", line 1507, in insert_records
    raise err
  File "/home/airflow/.local/lib/python3.12/site-packages/pandas/io/sql.py", line 1498, in insert_records
    return table.insert(chunksize=chunksize, method=method)
           ^^^^^^^^^^^^^^^^^^^^^^^^^^^^^^^^^^^^^^^^^^^^^^^^
  File "/home/airflow/.local/lib/python3.12/site-packages/pandas/io/sql.py", line 1059, in insert
    num_inserted = exec_insert(conn, keys, chunk_iter)
                   ^^^^^^^^^^^^^^^^^^^^^^^^^^^^^^^^^^^
  File "/home/airflow/.local/lib/python3.12/site-packages/pandas/io/sql.py", line 951, in _execute_insert
    result = conn.execute(self.table.insert(), data)
             ^^^^^^^^^^^^^^^^^^^^^^^^^^^^^^^^^^^^^^^
  File "/home/airflow/.local/lib/python3.12/site-packages/sqlalchemy/engine/base.py", line 1385, in execute
    return meth(self, multiparams, params, _EMPTY_EXECUTION_OPTS)
           ^^^^^^^^^^^^^^^^^^^^^^^^^^^^^^^^^^^^^^^^^^^^^^^^^^^^^^
  File "/home/airflow/.local/lib/python3.12/site-packages/sqlalchemy/sql/elements.py", line 334, in _execute_on_connection
    return connection._execute_clauseelement(
           ^^^^^^^^^^^^^^^^^^^^^^^^^^^^^^^^^^
  File "/home/airflow/.local/lib/python3.12/site-packages/sqlalchemy/engine/base.py", line 1577, in _execute_clauseelement
    ret = self._execute_context(
          ^^^^^^^^^^^^^^^^^^^^^^
  File "/home/airflow/.local/lib/python3.12/site-packages/sqlalchemy/engine/base.py", line 1953, in _execute_context
    self._handle_dbapi_exception(
  File "/home/airflow/.local/lib/python3.12/site-packages/sqlalchemy/engine/base.py", line 2134, in _handle_dbapi_exception
    util.raise_(
  File "/home/airflow/.local/lib/python3.12/site-packages/sqlalchemy/util/compat.py", line 211, in raise_
    raise exception
  File "/home/airflow/.local/lib/python3.12/site-packages/sqlalchemy/engine/base.py", line 1890, in _execute_context
    self.dialect.do_executemany(
  File "/home/airflow/.local/lib/python3.12/site-packages/sqlalchemy/dialects/postgresql/psycopg2.py", line 982, in do_executemany
    context._psycopg2_fetched_rows = xtras.execute_values(
                                     ^^^^^^^^^^^^^^^^^^^^^
  File "/home/airflow/.local/lib/python3.12/site-packages/psycopg2/extras.py", line 1299, in execute_values
    cur.execute(b''.join(parts))
sqlalchemy.exc.ProgrammingError: (psycopg2.errors.UndefinedColumn) column "unit_price" of relation "order_items" does not exist
LINE 1: ...rder_id, product_id, quantity, price_at_purchase, unit_price...
                                                             ^

[SQL: INSERT INTO order_items (order_item_id, order_id, product_id, quantity, price_at_purchase, unit_price) VALUES (%(order_item_id)s, %(order_id)s, %(product_id)s, %(quantity)s, %(price_at_purchase)s, %(unit_price)s)]
[parameters: ({'order_item_id': 1, 'order_id': 6550, 'product_id': 1032, 'quantity': 1, 'price_at_purchase': 342.92, 'unit_price': None}, {'order_item_id': 2, 'order_id': 7324, 'product_id': 1695, 'quantity': 1, 'price_at_purchase': 955.86, 'unit_price': None}, {'order_item_id': 3, 'order_id': 11952, 'product_id': 1962, 'quantity': 1, 'price_at_purchase': 909.45, 'unit_price': None}, {'order_item_id': 4, 'order_id': 8938, 'product_id': 1958, 'quantity': 1, 'price_at_purchase': 984.91, 'unit_price': None}, {'order_item_id': 5, 'order_id': 4238, 'product_id': 1880, 'quantity': 1, 'price_at_purchase': 649.18, 'unit_price': None}, {'order_item_id': 6, 'order_id': 14235, 'product_id': 672, 'quantity': 1, 'price_at_purchase': 695.76, 'unit_price': None}, {'order_item_id': 7, 'order_id': 10944, 'product_id': 1, 'quantity': 1, 'price_at_purchase': 54.83, 'unit_price': None}, {'order_item_id': 8, 'order_id': 11075, 'product_id': 827, 'quantity': 1, 'price_at_purchase': 320.24, 'unit_price': None}  ... displaying 10 of 1000 total bound parameter sets ...  {'order_item_id': 999, 'order_id': 6849, 'product_id': 1918, 'quantity': 1, 'price_at_purchase': 634.27, 'unit_price': None}, {'order_item_id': 1000, 'order_id': 3791, 'product_id': 286, 'quantity': 1, 'price_at_purchase': 757.75, 'unit_price': None})]
(Background on this error at: https://sqlalche.me/e/14/f405)
[2025-08-25T15:46:59.927+0000] {taskinstance.py:1206} INFO - Marking task as FAILED. dag_id=daily_generate_orders, task_id=load_csv_to_postgres, run_id=scheduled__2025-08-25T14:00:00+00:00, execution_date=20250825T140000, start_date=20250825T154656, end_date=20250825T154659
[2025-08-25T15:46:59.967+0000] {standard_task_runner.py:110} ERROR - Failed to execute job 537 for task load_csv_to_postgres ((psycopg2.errors.UndefinedColumn) column "unit_price" of relation "order_items" does not exist
LINE 1: ...rder_id, product_id, quantity, price_at_purchase, unit_price...
                                                             ^

[SQL: INSERT INTO order_items (order_item_id, order_id, product_id, quantity, price_at_purchase, unit_price) VALUES (%(order_item_id)s, %(order_id)s, %(product_id)s, %(quantity)s, %(price_at_purchase)s, %(unit_price)s)]
[parameters: ({'order_item_id': 1, 'order_id': 6550, 'product_id': 1032, 'quantity': 1, 'price_at_purchase': 342.92, 'unit_price': None}, {'order_item_id': 2, 'order_id': 7324, 'product_id': 1695, 'quantity': 1, 'price_at_purchase': 955.86, 'unit_price': None}, {'order_item_id': 3, 'order_id': 11952, 'product_id': 1962, 'quantity': 1, 'price_at_purchase': 909.45, 'unit_price': None}, {'order_item_id': 4, 'order_id': 8938, 'product_id': 1958, 'quantity': 1, 'price_at_purchase': 984.91, 'unit_price': None}, {'order_item_id': 5, 'order_id': 4238, 'product_id': 1880, 'quantity': 1, 'price_at_purchase': 649.18, 'unit_price': None}, {'order_item_id': 6, 'order_id': 14235, 'product_id': 672, 'quantity': 1, 'price_at_purchase': 695.76, 'unit_price': None}, {'order_item_id': 7, 'order_id': 10944, 'product_id': 1, 'quantity': 1, 'price_at_purchase': 54.83, 'unit_price': None}, {'order_item_id': 8, 'order_id': 11075, 'product_id': 827, 'quantity': 1, 'price_at_purchase': 320.24, 'unit_price': None}  ... displaying 10 of 1000 total bound parameter sets ...  {'order_item_id': 999, 'order_id': 6849, 'product_id': 1918, 'quantity': 1, 'price_at_purchase': 634.27, 'unit_price': None}, {'order_item_id': 1000, 'order_id': 3791, 'product_id': 286, 'quantity': 1, 'price_at_purchase': 757.75, 'unit_price': None})]
(Background on this error at: https://sqlalche.me/e/14/f405); 847)
[2025-08-25T15:47:00.013+0000] {local_task_job_runner.py:243} INFO - Task exited with return code 1
[2025-08-25T15:47:00.043+0000] {taskinstance.py:3503} INFO - 0 downstream tasks scheduled from follow-on schedule check
[2025-08-25T15:47:00.049+0000] {local_task_job_runner.py:222} INFO - ::endgroup::
[2025-08-25T15:50:28.522+0000] {local_task_job_runner.py:120} INFO - ::group::Pre task execution logs
[2025-08-25T15:50:28.581+0000] {taskinstance.py:2076} INFO - Dependencies all met for dep_context=non-requeueable deps ti=<TaskInstance: daily_generate_orders.load_csv_to_postgres scheduled__2025-08-25T14:00:00+00:00 [queued]>
[2025-08-25T15:50:28.601+0000] {taskinstance.py:2076} INFO - Dependencies all met for dep_context=requeueable deps ti=<TaskInstance: daily_generate_orders.load_csv_to_postgres scheduled__2025-08-25T14:00:00+00:00 [queued]>
[2025-08-25T15:50:28.601+0000] {taskinstance.py:2306} INFO - Starting attempt 1 of 1
[2025-08-25T15:50:28.628+0000] {taskinstance.py:2330} INFO - Executing <Task(PythonOperator): load_csv_to_postgres> on 2025-08-25 14:00:00+00:00
[2025-08-25T15:50:28.637+0000] {warnings.py:112} WARNING - /home/airflow/.local/lib/python3.12/site-packages/airflow/task/task_runner/standard_task_runner.py:62: DeprecationWarning: This process (pid=862) is multi-threaded, use of fork() may lead to deadlocks in the child.
  pid = os.fork()

[2025-08-25T15:50:28.638+0000] {standard_task_runner.py:64} INFO - Started process 864 to run task
[2025-08-25T15:50:28.639+0000] {standard_task_runner.py:90} INFO - Running: ['airflow', 'tasks', 'run', 'daily_generate_orders', 'load_csv_to_postgres', 'scheduled__2025-08-25T14:00:00+00:00', '--job-id', '543', '--raw', '--subdir', 'DAGS_FOLDER/generate_fake_shop_csv.py', '--cfg-path', '/tmp/tmp4_n7_rjl']
[2025-08-25T15:50:28.641+0000] {standard_task_runner.py:91} INFO - Job 543: Subtask load_csv_to_postgres
[2025-08-25T15:50:28.658+0000] {warnings.py:112} WARNING - /home/airflow/.local/lib/python3.12/site-packages/airflow/settings.py:195: DeprecationWarning: The sql_alchemy_conn option in [core] has been moved to the sql_alchemy_conn option in [database] - the old setting has been used, but please update your config.
  SQL_ALCHEMY_CONN = conf.get("database", "SQL_ALCHEMY_CONN")

[2025-08-25T15:50:28.714+0000] {task_command.py:426} INFO - Running <TaskInstance: daily_generate_orders.load_csv_to_postgres scheduled__2025-08-25T14:00:00+00:00 [running]> on host b5ea13053d47
[2025-08-25T15:50:28.874+0000] {taskinstance.py:2648} INFO - Exporting env vars: AIRFLOW_CTX_DAG_OWNER='airflow' AIRFLOW_CTX_DAG_ID='daily_generate_orders' AIRFLOW_CTX_TASK_ID='load_csv_to_postgres' AIRFLOW_CTX_EXECUTION_DATE='2025-08-25T14:00:00+00:00' AIRFLOW_CTX_TRY_NUMBER='1' AIRFLOW_CTX_DAG_RUN_ID='scheduled__2025-08-25T14:00:00+00:00'
[2025-08-25T15:50:28.876+0000] {taskinstance.py:430} INFO - ::endgroup::
[2025-08-25T15:50:28.929+0000] {base.py:84} INFO - Using connection ID 'postgres_conn' for task execution.
[2025-08-25T15:50:29.075+0000] {logging_mixin.py:188} INFO - ✅ Загружено 1000 новых строк в таблицу shipments
[2025-08-25T15:50:29.116+0000] {logging_mixin.py:188} INFO - ✅ Загружено 1000 новых строк в таблицу shipments
[2025-08-25T15:50:29.178+0000] {logging_mixin.py:188} INFO - ✅ Загружено 1000 новых строк в таблицу shipments
[2025-08-25T15:50:29.294+0000] {logging_mixin.py:188} INFO - ✅ Загружено 1000 новых строк в таблицу shipments
[2025-08-25T15:50:29.395+0000] {logging_mixin.py:188} INFO - ✅ Загружено 1000 новых строк в таблицу shipments
[2025-08-25T15:50:29.485+0000] {logging_mixin.py:188} INFO - ✅ Загружено 1000 новых строк в таблицу shipments
[2025-08-25T15:50:29.542+0000] {logging_mixin.py:188} INFO - ✅ Загружено 1000 новых строк в таблицу shipments
[2025-08-25T15:50:29.599+0000] {logging_mixin.py:188} INFO - ✅ Загружено 1000 новых строк в таблицу shipments
[2025-08-25T15:50:29.657+0000] {logging_mixin.py:188} INFO - ✅ Загружено 1000 новых строк в таблицу shipments
[2025-08-25T15:50:29.779+0000] {logging_mixin.py:188} INFO - ✅ Загружено 1000 новых строк в таблицу shipments
[2025-08-25T15:50:29.830+0000] {logging_mixin.py:188} INFO - ✅ Загружено 1000 новых строк в таблицу shipments
[2025-08-25T15:50:29.899+0000] {logging_mixin.py:188} INFO - ✅ Загружено 1000 новых строк в таблицу shipments
[2025-08-25T15:50:30.001+0000] {logging_mixin.py:188} INFO - ✅ Загружено 1000 новых строк в таблицу shipments
[2025-08-25T15:50:30.109+0000] {logging_mixin.py:188} INFO - ✅ Загружено 1000 новых строк в таблицу shipments
[2025-08-25T15:50:30.212+0000] {logging_mixin.py:188} INFO - ✅ Загружено 1000 новых строк в таблицу shipments
[2025-08-25T15:50:30.304+0000] {logging_mixin.py:188} INFO - ✅ Загружено 1000 новых строк в таблицу customers
[2025-08-25T15:50:30.347+0000] {logging_mixin.py:188} INFO - ✅ Загружено 1000 новых строк в таблицу customers
[2025-08-25T15:50:30.394+0000] {logging_mixin.py:188} INFO - ✅ Загружено 1000 новых строк в таблицу customers
[2025-08-25T15:50:30.509+0000] {logging_mixin.py:188} INFO - ✅ Загружено 1000 новых строк в таблицу customers
[2025-08-25T15:50:30.565+0000] {logging_mixin.py:188} INFO - ✅ Загружено 1000 новых строк в таблицу customers
[2025-08-25T15:50:30.600+0000] {logging_mixin.py:188} INFO - ✅ Загружено 1000 новых строк в таблицу customers
[2025-08-25T15:50:30.665+0000] {logging_mixin.py:188} INFO - ✅ Загружено 1000 новых строк в таблицу customers
[2025-08-25T15:50:30.716+0000] {logging_mixin.py:188} INFO - ✅ Загружено 1000 новых строк в таблицу customers
[2025-08-25T15:50:30.751+0000] {logging_mixin.py:188} INFO - ✅ Загружено 1000 новых строк в таблицу customers
[2025-08-25T15:50:30.841+0000] {logging_mixin.py:188} INFO - ✅ Загружено 1000 новых строк в таблицу customers
[2025-08-25T15:50:30.900+0000] {logging_mixin.py:188} INFO - ✅ Загружено 1000 новых строк в таблицу orders
[2025-08-25T15:50:30.932+0000] {logging_mixin.py:188} INFO - ✅ Загружено 1000 новых строк в таблицу orders
[2025-08-25T15:50:31.010+0000] {logging_mixin.py:188} INFO - ✅ Загружено 1000 новых строк в таблицу orders
[2025-08-25T15:50:31.090+0000] {logging_mixin.py:188} INFO - ✅ Загружено 1000 новых строк в таблицу orders
[2025-08-25T15:50:31.160+0000] {logging_mixin.py:188} INFO - ✅ Загружено 1000 новых строк в таблицу orders
[2025-08-25T15:50:31.225+0000] {logging_mixin.py:188} INFO - ✅ Загружено 1000 новых строк в таблицу orders
[2025-08-25T15:50:31.285+0000] {logging_mixin.py:188} INFO - ✅ Загружено 1000 новых строк в таблицу orders
[2025-08-25T15:50:31.339+0000] {logging_mixin.py:188} INFO - ✅ Загружено 1000 новых строк в таблицу orders
[2025-08-25T15:50:31.393+0000] {logging_mixin.py:188} INFO - ✅ Загружено 1000 новых строк в таблицу orders
[2025-08-25T15:50:31.439+0000] {logging_mixin.py:188} INFO - ✅ Загружено 1000 новых строк в таблицу orders
[2025-08-25T15:50:31.484+0000] {logging_mixin.py:188} INFO - ✅ Загружено 1000 новых строк в таблицу orders
[2025-08-25T15:50:31.524+0000] {logging_mixin.py:188} INFO - ✅ Загружено 1000 новых строк в таблицу orders
[2025-08-25T15:50:31.555+0000] {logging_mixin.py:188} INFO - ✅ Загружено 1000 новых строк в таблицу orders
[2025-08-25T15:50:31.603+0000] {logging_mixin.py:188} INFO - ✅ Загружено 1000 новых строк в таблицу orders
[2025-08-25T15:50:31.652+0000] {logging_mixin.py:188} INFO - ✅ Загружено 1000 новых строк в таблицу orders
[2025-08-25T15:50:31.665+0000] {logging_mixin.py:188} INFO - ✅ Загружено 9 новых строк в таблицу orders
[2025-08-25T15:50:31.750+0000] {logging_mixin.py:188} INFO - ✅ Загружено 1000 новых строк в таблицу products
[2025-08-25T15:50:31.824+0000] {logging_mixin.py:188} INFO - ✅ Загружено 1000 новых строк в таблицу products
[2025-08-25T15:50:31.935+0000] {logging_mixin.py:188} INFO - ✅ Загружено 1000 новых строк в таблицу order_items
[2025-08-25T15:50:31.980+0000] {logging_mixin.py:188} INFO - ✅ Загружено 1000 новых строк в таблицу order_items
[2025-08-25T15:50:32.028+0000] {logging_mixin.py:188} INFO - ✅ Загружено 1000 новых строк в таблицу order_items
[2025-08-25T15:50:32.066+0000] {logging_mixin.py:188} INFO - ✅ Загружено 1000 новых строк в таблицу order_items
[2025-08-25T15:50:32.164+0000] {logging_mixin.py:188} INFO - ✅ Загружено 1000 новых строк в таблицу order_items
[2025-08-25T15:50:32.273+0000] {logging_mixin.py:188} INFO - ✅ Загружено 1000 новых строк в таблицу order_items
[2025-08-25T15:50:32.375+0000] {logging_mixin.py:188} INFO - ✅ Загружено 1000 новых строк в таблицу order_items
[2025-08-25T15:50:32.478+0000] {logging_mixin.py:188} INFO - ✅ Загружено 1000 новых строк в таблицу order_items
[2025-08-25T15:50:32.553+0000] {logging_mixin.py:188} INFO - ✅ Загружено 1000 новых строк в таблицу order_items
[2025-08-25T15:50:32.602+0000] {logging_mixin.py:188} INFO - ✅ Загружено 1000 новых строк в таблицу order_items
[2025-08-25T15:50:32.643+0000] {logging_mixin.py:188} INFO - ✅ Загружено 1000 новых строк в таблицу order_items
[2025-08-25T15:50:32.710+0000] {logging_mixin.py:188} INFO - ✅ Загружено 1000 новых строк в таблицу order_items
[2025-08-25T15:50:32.802+0000] {logging_mixin.py:188} INFO - ✅ Загружено 1000 новых строк в таблицу order_items
[2025-08-25T15:50:32.877+0000] {logging_mixin.py:188} INFO - ✅ Загружено 1000 новых строк в таблицу order_items
[2025-08-25T15:50:32.993+0000] {logging_mixin.py:188} INFO - ✅ Загружено 1000 новых строк в таблицу order_items
[2025-08-25T15:50:33.080+0000] {logging_mixin.py:188} INFO - ✅ Загружено 1000 новых строк в таблицу order_items
[2025-08-25T15:50:33.158+0000] {logging_mixin.py:188} INFO - ✅ Загружено 1000 новых строк в таблицу order_items
[2025-08-25T15:50:33.224+0000] {logging_mixin.py:188} INFO - ✅ Загружено 1000 новых строк в таблицу order_items
[2025-08-25T15:50:33.281+0000] {logging_mixin.py:188} INFO - ✅ Загружено 1000 новых строк в таблицу order_items
[2025-08-25T15:50:33.333+0000] {logging_mixin.py:188} INFO - ✅ Загружено 1000 новых строк в таблицу order_items
[2025-08-25T15:50:33.341+0000] {logging_mixin.py:188} INFO - ✅ Загружено 19 новых строк в таблицу order_items
[2025-08-25T15:50:33.356+0000] {logging_mixin.py:188} INFO - ✅ Загружено 100 новых строк в таблицу suppliers
[2025-08-25T15:50:33.400+0000] {taskinstance.py:441} INFO - ::group::Post task execution logs
[2025-08-25T15:50:33.401+0000] {taskinstance.py:2905} ERROR - Task failed with exception
Traceback (most recent call last):
  File "/home/airflow/.local/lib/python3.12/site-packages/sqlalchemy/engine/base.py", line 1890, in _execute_context
    self.dialect.do_executemany(
  File "/home/airflow/.local/lib/python3.12/site-packages/sqlalchemy/dialects/postgresql/psycopg2.py", line 982, in do_executemany
    context._psycopg2_fetched_rows = xtras.execute_values(
                                     ^^^^^^^^^^^^^^^^^^^^^
  File "/home/airflow/.local/lib/python3.12/site-packages/psycopg2/extras.py", line 1299, in execute_values
    cur.execute(b''.join(parts))
psycopg2.errors.UndefinedColumn: column "payment_date" of relation "payment" does not exist
LINE 1: ...r_id, payment_method, amount, transaction_status, payment_da...
                                                             ^


The above exception was the direct cause of the following exception:

Traceback (most recent call last):
  File "/home/airflow/.local/lib/python3.12/site-packages/airflow/models/taskinstance.py", line 465, in _execute_task
    result = _execute_callable(context=context, **execute_callable_kwargs)
             ^^^^^^^^^^^^^^^^^^^^^^^^^^^^^^^^^^^^^^^^^^^^^^^^^^^^^^^^^^^^^
  File "/home/airflow/.local/lib/python3.12/site-packages/airflow/models/taskinstance.py", line 432, in _execute_callable
    return execute_callable(context=context, **execute_callable_kwargs)
           ^^^^^^^^^^^^^^^^^^^^^^^^^^^^^^^^^^^^^^^^^^^^^^^^^^^^^^^^^^^^
  File "/home/airflow/.local/lib/python3.12/site-packages/airflow/models/baseoperator.py", line 401, in wrapper
    return func(self, *args, **kwargs)
           ^^^^^^^^^^^^^^^^^^^^^^^^^^^
  File "/home/airflow/.local/lib/python3.12/site-packages/airflow/operators/python.py", line 235, in execute
    return_value = self.execute_callable()
                   ^^^^^^^^^^^^^^^^^^^^^^^
  File "/home/airflow/.local/lib/python3.12/site-packages/airflow/operators/python.py", line 252, in execute_callable
    return self.python_callable(*self.op_args, **self.op_kwargs)
           ^^^^^^^^^^^^^^^^^^^^^^^^^^^^^^^^^^^^^^^^^^^^^^^^^^^^^
  File "/opt/airflow/dags/generate_fake_shop_csv.py", line 147, in load_csv_to_postgres
    chunk.to_sql(table_name, engine, if_exists="append", index=False, dtype=dtype_mapping)
  File "/home/airflow/.local/lib/python3.12/site-packages/pandas/util/_decorators.py", line 333, in wrapper
    return func(*args, **kwargs)
           ^^^^^^^^^^^^^^^^^^^^^
  File "/home/airflow/.local/lib/python3.12/site-packages/pandas/core/generic.py", line 3008, in to_sql
    return sql.to_sql(
           ^^^^^^^^^^^
  File "/home/airflow/.local/lib/python3.12/site-packages/pandas/io/sql.py", line 788, in to_sql
    return pandas_sql.to_sql(
           ^^^^^^^^^^^^^^^^^^
  File "/home/airflow/.local/lib/python3.12/site-packages/pandas/io/sql.py", line 1958, in to_sql
    total_inserted = sql_engine.insert_records(
                     ^^^^^^^^^^^^^^^^^^^^^^^^^^
  File "/home/airflow/.local/lib/python3.12/site-packages/pandas/io/sql.py", line 1507, in insert_records
    raise err
  File "/home/airflow/.local/lib/python3.12/site-packages/pandas/io/sql.py", line 1498, in insert_records
    return table.insert(chunksize=chunksize, method=method)
           ^^^^^^^^^^^^^^^^^^^^^^^^^^^^^^^^^^^^^^^^^^^^^^^^
  File "/home/airflow/.local/lib/python3.12/site-packages/pandas/io/sql.py", line 1059, in insert
    num_inserted = exec_insert(conn, keys, chunk_iter)
                   ^^^^^^^^^^^^^^^^^^^^^^^^^^^^^^^^^^^
  File "/home/airflow/.local/lib/python3.12/site-packages/pandas/io/sql.py", line 951, in _execute_insert
    result = conn.execute(self.table.insert(), data)
             ^^^^^^^^^^^^^^^^^^^^^^^^^^^^^^^^^^^^^^^
  File "/home/airflow/.local/lib/python3.12/site-packages/sqlalchemy/engine/base.py", line 1385, in execute
    return meth(self, multiparams, params, _EMPTY_EXECUTION_OPTS)
           ^^^^^^^^^^^^^^^^^^^^^^^^^^^^^^^^^^^^^^^^^^^^^^^^^^^^^^
  File "/home/airflow/.local/lib/python3.12/site-packages/sqlalchemy/sql/elements.py", line 334, in _execute_on_connection
    return connection._execute_clauseelement(
           ^^^^^^^^^^^^^^^^^^^^^^^^^^^^^^^^^^
  File "/home/airflow/.local/lib/python3.12/site-packages/sqlalchemy/engine/base.py", line 1577, in _execute_clauseelement
    ret = self._execute_context(
          ^^^^^^^^^^^^^^^^^^^^^^
  File "/home/airflow/.local/lib/python3.12/site-packages/sqlalchemy/engine/base.py", line 1953, in _execute_context
    self._handle_dbapi_exception(
  File "/home/airflow/.local/lib/python3.12/site-packages/sqlalchemy/engine/base.py", line 2134, in _handle_dbapi_exception
    util.raise_(
  File "/home/airflow/.local/lib/python3.12/site-packages/sqlalchemy/util/compat.py", line 211, in raise_
    raise exception
  File "/home/airflow/.local/lib/python3.12/site-packages/sqlalchemy/engine/base.py", line 1890, in _execute_context
    self.dialect.do_executemany(
  File "/home/airflow/.local/lib/python3.12/site-packages/sqlalchemy/dialects/postgresql/psycopg2.py", line 982, in do_executemany
    context._psycopg2_fetched_rows = xtras.execute_values(
                                     ^^^^^^^^^^^^^^^^^^^^^
  File "/home/airflow/.local/lib/python3.12/site-packages/psycopg2/extras.py", line 1299, in execute_values
    cur.execute(b''.join(parts))
sqlalchemy.exc.ProgrammingError: (psycopg2.errors.UndefinedColumn) column "payment_date" of relation "payment" does not exist
LINE 1: ...r_id, payment_method, amount, transaction_status, payment_da...
                                                             ^

[SQL: INSERT INTO payment (payment_id, order_id, payment_method, amount, transaction_status, payment_date) VALUES (%(payment_id)s, %(order_id)s, %(payment_method)s, %(amount)s, %(transaction_status)s, %(payment_date)s)]
[parameters: ({'payment_id': 1, 'order_id': 1, 'payment_method': 'Credit Card', 'amount': 232.15, 'transaction_status': 'Completed', 'payment_date': None}, {'payment_id': 2, 'order_id': 2, 'payment_method': 'Credit Card', 'amount': 454.44, 'transaction_status': 'Completed', 'payment_date': None}, {'payment_id': 3, 'order_id': 3, 'payment_method': 'Credit Card', 'amount': 26.14, 'transaction_status': 'Completed', 'payment_date': None}, {'payment_id': 4, 'order_id': 4, 'payment_method': 'Credit Card', 'amount': 985.7, 'transaction_status': 'Completed', 'payment_date': None}, {'payment_id': 5, 'order_id': 5, 'payment_method': 'Credit Card', 'amount': 733.32, 'transaction_status': 'Completed', 'payment_date': None}, {'payment_id': 6, 'order_id': 6, 'payment_method': 'Credit Card', 'amount': 629.36, 'transaction_status': 'Completed', 'payment_date': None}, {'payment_id': 7, 'order_id': 7, 'payment_method': 'Credit Card', 'amount': 461.51, 'transaction_status': 'Completed', 'payment_date': None}, {'payment_id': 8, 'order_id': 8, 'payment_method': 'Credit Card', 'amount': 464.73, 'transaction_status': 'Completed', 'payment_date': None}  ... displaying 10 of 1000 total bound parameter sets ...  {'payment_id': 999, 'order_id': 999, 'payment_method': 'Credit Card', 'amount': 156.36, 'transaction_status': 'Completed', 'payment_date': None}, {'payment_id': 1000, 'order_id': 1000, 'payment_method': 'Credit Card', 'amount': 922.8, 'transaction_status': 'Completed', 'payment_date': None})]
(Background on this error at: https://sqlalche.me/e/14/f405)
[2025-08-25T15:50:33.422+0000] {taskinstance.py:1206} INFO - Marking task as FAILED. dag_id=daily_generate_orders, task_id=load_csv_to_postgres, run_id=scheduled__2025-08-25T14:00:00+00:00, execution_date=20250825T140000, start_date=20250825T155028, end_date=20250825T155033
[2025-08-25T15:50:33.444+0000] {standard_task_runner.py:110} ERROR - Failed to execute job 543 for task load_csv_to_postgres ((psycopg2.errors.UndefinedColumn) column "payment_date" of relation "payment" does not exist
LINE 1: ...r_id, payment_method, amount, transaction_status, payment_da...
                                                             ^

[SQL: INSERT INTO payment (payment_id, order_id, payment_method, amount, transaction_status, payment_date) VALUES (%(payment_id)s, %(order_id)s, %(payment_method)s, %(amount)s, %(transaction_status)s, %(payment_date)s)]
[parameters: ({'payment_id': 1, 'order_id': 1, 'payment_method': 'Credit Card', 'amount': 232.15, 'transaction_status': 'Completed', 'payment_date': None}, {'payment_id': 2, 'order_id': 2, 'payment_method': 'Credit Card', 'amount': 454.44, 'transaction_status': 'Completed', 'payment_date': None}, {'payment_id': 3, 'order_id': 3, 'payment_method': 'Credit Card', 'amount': 26.14, 'transaction_status': 'Completed', 'payment_date': None}, {'payment_id': 4, 'order_id': 4, 'payment_method': 'Credit Card', 'amount': 985.7, 'transaction_status': 'Completed', 'payment_date': None}, {'payment_id': 5, 'order_id': 5, 'payment_method': 'Credit Card', 'amount': 733.32, 'transaction_status': 'Completed', 'payment_date': None}, {'payment_id': 6, 'order_id': 6, 'payment_method': 'Credit Card', 'amount': 629.36, 'transaction_status': 'Completed', 'payment_date': None}, {'payment_id': 7, 'order_id': 7, 'payment_method': 'Credit Card', 'amount': 461.51, 'transaction_status': 'Completed', 'payment_date': None}, {'payment_id': 8, 'order_id': 8, 'payment_method': 'Credit Card', 'amount': 464.73, 'transaction_status': 'Completed', 'payment_date': None}  ... displaying 10 of 1000 total bound parameter sets ...  {'payment_id': 999, 'order_id': 999, 'payment_method': 'Credit Card', 'amount': 156.36, 'transaction_status': 'Completed', 'payment_date': None}, {'payment_id': 1000, 'order_id': 1000, 'payment_method': 'Credit Card', 'amount': 922.8, 'transaction_status': 'Completed', 'payment_date': None})]
(Background on this error at: https://sqlalche.me/e/14/f405); 864)
[2025-08-25T15:50:33.469+0000] {local_task_job_runner.py:243} INFO - Task exited with return code 1
[2025-08-25T15:50:33.492+0000] {taskinstance.py:3503} INFO - 0 downstream tasks scheduled from follow-on schedule check
[2025-08-25T15:50:33.495+0000] {local_task_job_runner.py:222} INFO - ::endgroup::
